<?xml version="1.0" encoding="UTF-8"?>
<!-- Generated by org.testng.reporters.JUnitReportReporter -->
<testsuite hostname="MSI" failures="0" tests="1" name="scripts.TestScript" time="8.587" errors="0" timestamp="2024-10-28T00:27:11 IST" skipped="0">
  <testcase classname="scripts.TestScript" name="test" time="8.587"/>
</testsuite> <!-- scripts.TestScript -->
