<?xml version="1.0" encoding="UTF-8"?>
<!-- Generated by org.testng.reporters.JUnitReportReporter -->
<testsuite hostname="MSI" failures="0" tests="1" name="scripts.TestScript1" time="7.372" errors="0" timestamp="2024-10-28T00:27:11 IST" skipped="0">
  <testcase classname="scripts.TestScript1" name="test2" time="7.372"/>
</testsuite> <!-- scripts.TestScript1 -->
